<?xml version="1.0" encoding="UTF-8"?>
<!-- Generated by org.testng.reporters.JUnitXMLReporter -->
<testsuite ignored="0" hostname="VENKAT-PC" failures="1" tests="1" name="Leave" time="0.063" errors="0" timestamp="2020-11-19T19:06:50 AST">
  <testcase classname="leave.Sigletwo" name="@AfterTest exit" time="0.008">
    <failure type="java.lang.NullPointerException">
      <![CDATA[java.lang.NullPointerException
at leave.Sigletwo.exit(Sigletwo.java:74)
... Removed 24 stack frames]]>
    </failure>
  </testcase> <!-- @AfterTest exit -->
  <testcase classname="leave.Sigletwo" name="test" time="0.01">
    <failure type="java.lang.NullPointerException">
      <![CDATA[java.lang.NullPointerException
at leave.Sigletwo.test(Sigletwo.java:30)
at java.base/java.util.ArrayList.forEach(Unknown Source)
... Removed 27 stack frames]]>
    </failure>
  </testcase> <!-- test -->
</testsuite> <!-- Leave -->
