<?xml version="1.0" encoding="UTF-8"?>
<!-- Generated by org.testng.reporters.JUnitXMLReporter -->
<testsuite ignored="0" hostname="VENKAT-PC" failures="1" tests="3" name="Test" time="121.93" errors="0" timestamp="2020-11-19T19:12:37 AST">
  <testcase classname="leave.Sigletwo" name="@AfterTest exit" time="0.001">
    <failure type="java.lang.NullPointerException">
      <![CDATA[java.lang.NullPointerException
at leave.Sigletwo.exit(Sigletwo.java:74)
... Removed 24 stack frames]]>
    </failure>
  </testcase> <!-- @AfterTest exit -->
  <testcase classname="leave.SingleShot" name="@AfterTest exit" time="-1.605802357237E9">
    <skipped/>
  </testcase> <!-- @AfterTest exit -->
  <testcase classname="leave.SingleShot" name="single" time="37.586"/>
  <testcase classname="leave.LeaveApply" name="landingOnLeavePage" time="42.822"/>
  <testcase classname="leave.Sigletwo" name="test" time="0.006">
    <failure type="java.lang.NullPointerException">
      <![CDATA[java.lang.NullPointerException
at leave.Sigletwo.test(Sigletwo.java:30)
at java.base/java.util.ArrayList.forEach(Unknown Source)
... Removed 27 stack frames]]>
    </failure>
  </testcase> <!-- test -->
</testsuite> <!-- Test -->
